#
# There is insufficient memory for the Java Runtime Environment to continue.
# Native memory allocation (mmap) failed to map 123731968 bytes for G1 virtual space
# Possible reasons:
#   The system is out of physical RAM or swap space
#   The process is running with CompressedOops enabled, and the Java Heap may be blocking the growth of the native heap
# Possible solutions:
#   Reduce memory load on the system
#   Increase physical memory or swap space
#   Check if swap backing store is full
#   Decrease Java heap size (-Xmx/-Xms)
#   Decrease number of Java threads
#   Decrease Java thread stack sizes (-Xss)
#   Set larger code cache with -XX:ReservedCodeCacheSize=
#   JVM is running with Unscaled Compressed Oops mode in which the Java heap is
#     placed in the first 4GB address space. The Java Heap base address is the
#     maximum limit for the native heap growth. Please use -XX:HeapBaseMinAddress
#     to set the Java Heap base and to place the Java Heap above 4GB virtual address.
# This output file may be truncated or incomplete.
#
#  Out of Memory Error (os_windows.cpp:3600), pid=18684, tid=30272
#
# JRE version:  (21.0.2+13) (build )
# Java VM: Java HotSpot(TM) 64-Bit Server VM (21.0.2+13-LTS-58, mixed mode, sharing, tiered, compressed oops, compressed class ptrs, g1 gc, windows-amd64)
# No core dump will be written. Minidumps are not enabled by default on client versions of Windows
#

---------------  S U M M A R Y ------------

Command Line: -Dfile.encoding=UTF-8 --module-path=C:\Users\hp\OneDrive\Desktop\Java Project\Bank Management System\build\classes bank.management.system.SignUpOne

Host: AMD Ryzen 5 5500U with Radeon Graphics         , 12 cores, 7G,  Windows 11 , 64 bit Build 22621 (10.0.22621.4391)
Time: Fri Nov 22 20:20:59 2024 India Standard Time elapsed time: 0.013913 seconds (0d 0h 0m 0s)

---------------  T H R E A D  ---------------

Current thread (0x000002594fa5b450):  JavaThread "Unknown thread" [_thread_in_vm, id=30272, stack(0x000000638ea00000,0x000000638eb00000) (1024K)]

Stack: [0x000000638ea00000,0x000000638eb00000]
Native frames: (J=compiled Java code, j=interpreted, Vv=VM code, C=native code)
V  [jvm.dll+0x6cade9]
V  [jvm.dll+0x8569c1]
V  [jvm.dll+0x858d2e]
V  [jvm.dll+0x859413]
V  [jvm.dll+0x280e56]
V  [jvm.dll+0x6c74d5]
V  [jvm.dll+0x6bbeca]
V  [jvm.dll+0x355bca]
V  [jvm.dll+0x35d816]
V  [jvm.dll+0x3ae67e]
V  [jvm.dll+0x3ae928]
V  [jvm.dll+0x3295dc]
V  [jvm.dll+0x32a16b]
V  [jvm.dll+0x81efa9]
V  [jvm.dll+0x3bba01]
V  [jvm.dll+0x807928]
V  [jvm.dll+0x44f50e]
V  [jvm.dll+0x450e11]
C  [jli.dll+0x52a3]
C  [ucrtbase.dll+0x29333]
C  [KERNEL32.DLL+0x1259d]
C  [ntdll.dll+0x5af38]


---------------  P R O C E S S  ---------------

Threads class SMR info:
_java_thread_list=0x00007ffb6d05bb88, length=0, elements={
}

Java Threads: ( => current thread )
Total: 0

Other Threads:
  0x000002594faa9ff0 WorkerThread "GC Thread#0"                     [id=19428, stack(0x000000638eb00000,0x000000638ec00000) (1024K)]
  0x000002594fad6d70 ConcurrentGCThread "G1 Main Marker"            [id=30092, stack(0x000000638ec00000,0x000000638ed00000) (1024K)]
  0x000002594fad7870 WorkerThread "G1 Conc#0"                       [id=30192, stack(0x000000638ed00000,0x000000638ee00000) (1024K)]

[error occurred during error reporting (printing all threads), id 0xc0000005, EXCEPTION_ACCESS_VIOLATION (0xc0000005) at pc=0x00007ffb6c7cc6a7]
VM state: not at safepoint (not fully initialized)

VM Mutex/Monitor currently owned by a thread:  ([mutex/lock_event])
[0x00007ffb6d0cce68] Heap_lock - owner thread: 0x000002594fa5b450

Heap address: 0x000000008ac00000, size: 1876 MB, Compressed Oops mode: 32-bit

CDS archive(s) mapped at: [0x0000000000000000-0x0000000000000000-0x0000000000000000), size 0, SharedBaseAddress: 0x0000000800000000, ArchiveRelocationMode: 1.
Narrow klass base: 0x0000000000000000, Narrow klass shift: 0, Narrow klass range: 0x0

GC Precious Log:
 CardTable entry size: 512
 Card Set container configuration: InlinePtr #cards 5 size 8 Array Of Cards #cards 12 size 40 Howl #buckets 4 coarsen threshold 1843 Howl Bitmap #cards 512 size 80 coarsen threshold 460 Card regions per heap region 1 cards per card region 2048

Heap:
 garbage-first heap   total 0K, used 0K [0x000000008ac00000, 0x0000000100000000)
  region size 1024K, 0 young (0K), 0 survivors (0K)

[error occurred during error reporting (printing heap information), id 0xc0000005, EXCEPTION_ACCESS_VIOLATION (0xc0000005) at pc=0x00007ffb6cbb39f9]
GC Heap History (0 events):
No events

Dll operation events (1 events):
Event: 0.009 Loaded shared library C:\Program Files\Java\jdk-21\bin\java.dll

Deoptimization events (0 events):
No events

Classes loaded (0 events):
No events

Classes unloaded (0 events):
No events

Classes redefined (0 events):
No events

Internal exceptions (0 events):
No events

ZGC Phase Switch (0 events):
No events

VM Operations (0 events):
No events

Events (0 events):
No events


Dynamic libraries:
0x00007ff680620000 - 0x00007ff680630000 	C:\Program Files\Java\jdk-21\bin\java.exe
0x00007ffc1dbb0000 - 0x00007ffc1ddc7000 	C:\WINDOWS\SYSTEM32\ntdll.dll
0x00007ffc1c140000 - 0x00007ffc1c204000 	C:\WINDOWS\System32\KERNEL32.DLL
0x00007ffc1b0c0000 - 0x00007ffc1b479000 	C:\WINDOWS\System32\KERNELBASE.dll
0x00007ffc141a0000 - 0x00007ffc14237000 	C:\WINDOWS\SYSTEM32\apphelp.dll
0x00007ffc1b550000 - 0x00007ffc1b661000 	C:\WINDOWS\System32\ucrtbase.dll
0x00007ffc00630000 - 0x00007ffc0064b000 	C:\Program Files\Java\jdk-21\bin\VCRUNTIME140.dll
0x00007ffc16f30000 - 0x00007ffc16f49000 	C:\Program Files\Java\jdk-21\bin\jli.dll
0x00007ffc1d8b0000 - 0x00007ffc1d962000 	C:\WINDOWS\System32\ADVAPI32.dll
0x00007ffc1c2a0000 - 0x00007ffc1c347000 	C:\WINDOWS\System32\msvcrt.dll
0x00007ffc1c430000 - 0x00007ffc1c4d7000 	C:\WINDOWS\System32\sechost.dll
0x00007ffc1b4f0000 - 0x00007ffc1b518000 	C:\WINDOWS\System32\bcrypt.dll
0x00007ffc1bf90000 - 0x00007ffc1c0a4000 	C:\WINDOWS\System32\RPCRT4.dll
0x00007ffc1c9d0000 - 0x00007ffc1cb7e000 	C:\WINDOWS\System32\USER32.dll
0x00007ffc1b520000 - 0x00007ffc1b546000 	C:\WINDOWS\System32\win32u.dll
0x00007ffc1bf60000 - 0x00007ffc1bf89000 	C:\WINDOWS\System32\GDI32.dll
0x00007ffc00340000 - 0x00007ffc005d2000 	C:\WINDOWS\WinSxS\amd64_microsoft.windows.common-controls_6595b64144ccf1df_6.0.22621.4391_none_2715d37f73803e96\COMCTL32.dll
0x00007ffc1b670000 - 0x00007ffc1b78b000 	C:\WINDOWS\System32\gdi32full.dll
0x00007ffc1aeb0000 - 0x00007ffc1af4a000 	C:\WINDOWS\System32\msvcp_win.dll
0x00007ffc0f780000 - 0x00007ffc0f78a000 	C:\WINDOWS\SYSTEM32\VERSION.dll
0x00007ffc1d870000 - 0x00007ffc1d8a1000 	C:\WINDOWS\System32\IMM32.DLL
0x00007ffc148d0000 - 0x00007ffc148dc000 	C:\Program Files\Java\jdk-21\bin\vcruntime140_1.dll
0x00007ffbde740000 - 0x00007ffbde7ce000 	C:\Program Files\Java\jdk-21\bin\msvcp140.dll
0x00007ffb6c490000 - 0x00007ffb6d1a7000 	C:\Program Files\Java\jdk-21\bin\server\jvm.dll
0x00007ffc1c3b0000 - 0x00007ffc1c421000 	C:\WINDOWS\System32\WS2_32.dll
0x00007ffc1a730000 - 0x00007ffc1a77d000 	C:\WINDOWS\SYSTEM32\POWRPROF.dll
0x00007ffc15460000 - 0x00007ffc15494000 	C:\WINDOWS\SYSTEM32\WINMM.dll
0x00007ffc1a710000 - 0x00007ffc1a723000 	C:\WINDOWS\SYSTEM32\UMPDC.dll
0x00007ffc19ef0000 - 0x00007ffc19f08000 	C:\WINDOWS\SYSTEM32\kernel.appcore.dll
0x00007ffc12240000 - 0x00007ffc1224a000 	C:\Program Files\Java\jdk-21\bin\jimage.dll
0x00007ffc11520000 - 0x00007ffc11752000 	C:\WINDOWS\SYSTEM32\DBGHELP.DLL
0x00007ffc1cc60000 - 0x00007ffc1cfef000 	C:\WINDOWS\System32\combase.dll
0x00007ffc1cb80000 - 0x00007ffc1cc57000 	C:\WINDOWS\System32\OLEAUT32.dll
0x00007ffbfb7d0000 - 0x00007ffbfb802000 	C:\WINDOWS\SYSTEM32\dbgcore.DLL
0x00007ffc1b850000 - 0x00007ffc1b8cb000 	C:\WINDOWS\System32\bcryptPrimitives.dll
0x00007ffbfee70000 - 0x00007ffbfee8f000 	C:\Program Files\Java\jdk-21\bin\java.dll

dbghelp: loaded successfully - version: 4.0.5 - missing functions: none
symbol engine: initialized successfully - sym options: 0x614 - pdb path: .;C:\Program Files\Java\jdk-21\bin;C:\WINDOWS\SYSTEM32;C:\WINDOWS\WinSxS\amd64_microsoft.windows.common-controls_6595b64144ccf1df_6.0.22621.4391_none_2715d37f73803e96;C:\Program Files\Java\jdk-21\bin\server

VM Arguments:
jvm_args: -Dfile.encoding=UTF-8 --module-path=C:\Users\hp\OneDrive\Desktop\Java Project\Bank Management System\build\classes 
java_command: bank.management.system.SignUpOne
java_class_path (initial): C:\Users\hp\OneDrive\Desktop\ATM Simulator System-20241121T130949Z-001\ATM Simulator System\jcalendar-tz-1.3.3-4.jar;C:\Users\hp\OneDrive\Desktop\Java Project\Bank Management System\build\classes
Launcher Type: SUN_STANDARD

[Global flags]
     intx CICompilerCount                          = 4                                         {product} {ergonomic}
     uint ConcGCThreads                            = 3                                         {product} {ergonomic}
     uint G1ConcRefinementThreads                  = 10                                        {product} {ergonomic}
   size_t G1HeapRegionSize                         = 1048576                                   {product} {ergonomic}
    uintx GCDrainStackTargetSize                   = 64                                        {product} {ergonomic}
   size_t InitialHeapSize                          = 123731968                                 {product} {ergonomic}
   size_t MarkStackSize                            = 4194304                                   {product} {ergonomic}
   size_t MaxHeapSize                              = 1967128576                                {product} {ergonomic}
   size_t MinHeapDeltaBytes                        = 1048576                                   {product} {ergonomic}
   size_t MinHeapSize                              = 8388608                                   {product} {ergonomic}
    uintx NonNMethodCodeHeapSize                   = 5839372                                {pd product} {ergonomic}
    uintx NonProfiledCodeHeapSize                  = 122909434                              {pd product} {ergonomic}
    uintx ProfiledCodeHeapSize                     = 122909434                              {pd product} {ergonomic}
    uintx ReservedCodeCacheSize                    = 251658240                              {pd product} {ergonomic}
     bool SegmentedCodeCache                       = true                                      {product} {ergonomic}
   size_t SoftMaxHeapSize                          = 1967128576                             {manageable} {ergonomic}
     bool UseCompressedOops                        = true                           {product lp64_product} {ergonomic}
     bool UseG1GC                                  = true                                      {product} {ergonomic}
     bool UseLargePagesIndividualAllocation        = false                                  {pd product} {ergonomic}

Logging:
Log output configuration:
 #0: stdout all=warning uptime,level,tags foldmultilines=false
 #1: stderr all=off uptime,level,tags foldmultilines=false

Environment Variables:
PATH=C:\Program Files\Common Files\Oracle\Java\javapath;C:\WINDOWS\system32;C:\WINDOWS;C:\WINDOWS\System32\Wbem;C:\WINDOWS\System32\WindowsPowerShell\v1.0\;C:\WINDOWS\System32\OpenSSH\;C:\MinGW\bin;C:\Program Files\MySQL\MySQL Server 8.0;C:\Program Files\Java\jdk-21\bin;C:\Program Files\Git\cmd;C:\Program Files\MySQL\MySQL Server 8.0\bin;C:\Program Files\CMake\bin;C:\Program Files\nodejs\;C:\Program Files\Java\jdk-17\bin;C:\Program Files\MySQL\MySQL Shell 8.0\bin\;C:\Users\hp\AppData\Local\Programs\Python\Python311\Scripts\;C:\Users\hp\AppData\Local\Programs\Python\Python311\;C:\Users\hp\AppData\Local\Programs\Python\Python312\Scripts\;C:\Users\hp\AppData\Local\Programs\Python\Python312\;C:\Users\hp\AppData\Local\Microsoft\WindowsApps;C:\Users\hp\AppData\Local\Programs\Microsoft VS Code\bin;C:\Users\hp\AppData\Local\GitHubDesktop\bin;C:\Users\hp\AppData\Roaming\npm
USERNAME=hp
OS=Windows_NT
PROCESSOR_IDENTIFIER=AMD64 Family 23 Model 104 Stepping 1, AuthenticAMD
TMP=C:\Users\hp\AppData\Local\Temp
TEMP=C:\Users\hp\AppData\Local\Temp




Periodic native trim disabled

---------------  S Y S T E M  ---------------

OS:
 Windows 11 , 64 bit Build 22621 (10.0.22621.4391)
OS uptime: 1 days 3:04 hours
Hyper-V role detected

CPU: total 12 (initial active 12) (12 cores per cpu, 2 threads per core) family 23 model 104 stepping 1 microcode 0x0, cx8, cmov, fxsr, ht, mmx, 3dnowpref, sse, sse2, sse3, ssse3, sse4a, sse4.1, sse4.2, popcnt, lzcnt, tsc, tscinvbit, avx, avx2, aes, clmul, bmi1, bmi2, adx, sha, fma, vzeroupper, clflush, clflushopt, hv, rdtscp, rdpid, f16c
Processor Information for processor 0
  Max Mhz: 2100, Current Mhz: 2100, Mhz Limit: 2100
Processor Information for processor 1
  Max Mhz: 2100, Current Mhz: 2100, Mhz Limit: 2100
Processor Information for processor 2
  Max Mhz: 2100, Current Mhz: 2100, Mhz Limit: 2100
Processor Information for processor 3
  Max Mhz: 2100, Current Mhz: 1988, Mhz Limit: 2100
Processor Information for processor 4
  Max Mhz: 2100, Current Mhz: 1988, Mhz Limit: 2100
Processor Information for processor 5
  Max Mhz: 2100, Current Mhz: 2100, Mhz Limit: 2100
Processor Information for processor 6
  Max Mhz: 2100, Current Mhz: 1988, Mhz Limit: 2100
Processor Information for processor 7
  Max Mhz: 2100, Current Mhz: 1988, Mhz Limit: 2100
Processor Information for processor 8
  Max Mhz: 2100, Current Mhz: 1988, Mhz Limit: 2100
Processor Information for processor 9
  Max Mhz: 2100, Current Mhz: 1988, Mhz Limit: 2100
Processor Information for processor 10
  Max Mhz: 2100, Current Mhz: 1988, Mhz Limit: 2100
Processor Information for processor 11
  Max Mhz: 2100, Current Mhz: 1988, Mhz Limit: 2100

Memory: 4k page, system-wide physical 7502M (542M free)
TotalPageFile size 30030M (AvailPageFile size 63M)
current process WorkingSet (physical memory assigned to process): 12M, peak: 12M
current process commit charge ("private bytes"): 64M, peak: 182M

vm_info: Java HotSpot(TM) 64-Bit Server VM (21.0.2+13-LTS-58) for windows-amd64 JRE (21.0.2+13-LTS-58), built on 2024-01-05T18:32:24Z by "mach5one" with MS VC++ 17.1 (VS2022)

END.
